[2022-10-18T08:08:34.325Z] Log level: Info
[2022-10-18T08:08:34.336Z] [info] Validating found git in: git
[2022-10-18T08:08:34.376Z] [info] Using git 2.34.1 from git
[2022-10-18T08:08:34.415Z] > git rev-parse --show-toplevel [15ms]
[2022-10-18T08:08:34.415Z] fatal: unsafe repository ('/' is owned by someone else)
To add an exception for this directory, call:

	git config --global --add safe.directory /
[2022-10-18T08:08:34.451Z] > git rev-parse --show-toplevel [3ms]
[2022-10-18T08:08:34.451Z] fatal: unsafe repository ('/' is owned by someone else)
To add an exception for this directory, call:

	git config --global --add safe.directory /
[2022-10-18T08:08:34.462Z] > git rev-parse --show-toplevel [4ms]
[2022-10-18T08:08:34.462Z] fatal: unsafe repository ('/' is owned by someone else)
To add an exception for this directory, call:

	git config --global --add safe.directory /
[2022-10-18T08:08:34.471Z] > git rev-parse --show-toplevel [1ms]
[2022-10-18T08:08:34.471Z] fatal: unsafe repository ('/' is owned by someone else)
To add an exception for this directory, call:

	git config --global --add safe.directory /
[2022-10-18T08:08:54.755Z] > git rev-parse --show-toplevel [1ms]
[2022-10-18T08:08:54.760Z] > git rev-parse --git-dir --git-common-dir [1ms]
[2022-10-18T08:08:54.768Z] [info] Open repository: /home/yueyuea/cs144
[2022-10-18T08:08:54.776Z] > git status -z -uall [2ms]
[2022-10-18T08:08:54.781Z] > git symbolic-ref --short HEAD [2ms]
[2022-10-18T08:08:54.785Z] > git for-each-ref --format=%(refname)%00%(upstream:short)%00%(objectname)%00%(upstream:track)%00%(upstream:remotename)%00%(upstream:remoteref) refs/heads/master refs/remotes/master [1ms]
[2022-10-18T08:08:54.795Z] > git remote --verbose [2ms]
[2022-10-18T08:08:54.796Z] > git for-each-ref --sort -committerdate --format %(refname) %(objectname) %(*objectname) [7ms]
[2022-10-18T08:08:54.803Z] > git config --get commit.template [1ms]
[2022-10-18T08:08:54.811Z] > git status -z -uall [1ms]
[2022-10-18T08:08:54.816Z] > git symbolic-ref --short HEAD [2ms]
[2022-10-18T08:08:54.820Z] > git for-each-ref --format=%(refname)%00%(upstream:short)%00%(objectname)%00%(upstream:track)%00%(upstream:remotename)%00%(upstream:remoteref) refs/heads/master refs/remotes/master [1ms]
[2022-10-18T08:08:54.829Z] > git remote --verbose [1ms]
[2022-10-18T08:08:54.829Z] > git for-each-ref --sort -committerdate --format %(refname) %(objectname) %(*objectname) [5ms]
[2022-10-18T08:08:54.835Z] > git config --get commit.template [1ms]
[2022-10-18T08:08:55.346Z] > git check-ignore -v -z --stdin [2ms]
[2022-10-18T08:10:22.080Z] > git rev-parse --show-toplevel [1ms]
[2022-10-18T08:10:22.083Z] > git rev-parse --git-dir --git-common-dir [0ms]
[2022-10-18T08:10:22.086Z] [info] Open repository: /home/yueyuea
[2022-10-18T08:10:22.101Z] > git status -z -uall [12ms]
[2022-10-18T08:10:22.105Z] > git symbolic-ref --short HEAD [1ms]
[2022-10-18T08:10:22.109Z] > git for-each-ref --format=%(refname)%00%(upstream:short)%00%(objectname)%00%(upstream:track)%00%(upstream:remotename)%00%(upstream:remoteref) refs/heads/master refs/remotes/master [1ms]
[2022-10-18T08:10:22.115Z] > git remote --verbose [1ms]
[2022-10-18T08:10:22.115Z] > git for-each-ref --sort -committerdate --format %(refname) %(objectname) %(*objectname) [3ms]
[2022-10-18T08:10:22.172Z] > git config --get commit.template [3ms]
[2022-10-18T08:10:22.677Z] > git check-ignore -v -z --stdin [1ms]
[2022-10-18T08:10:32.858Z] > git check-ignore -v -z --stdin [1ms]
[2022-10-18T08:30:54.786Z] > git status -z -uall [21ms]
[2022-10-18T08:30:54.793Z] > git status -z -uall [22ms]
[2022-10-18T08:30:54.798Z] > git symbolic-ref --short HEAD [8ms]
[2022-10-18T08:30:54.802Z] > git symbolic-ref --short HEAD [5ms]
[2022-10-18T08:30:54.807Z] > git for-each-ref --format=%(refname)%00%(upstream:short)%00%(objectname)%00%(upstream:track)%00%(upstream:remotename)%00%(upstream:remoteref) refs/heads/main refs/remotes/main [6ms]
[2022-10-18T08:30:54.815Z] > git remote --verbose [2ms]
[2022-10-18T08:30:54.816Z] > git for-each-ref --sort -committerdate --format %(refname) %(objectname) %(*objectname) [6ms]
[2022-10-18T08:30:54.825Z] > git for-each-ref --format=%(refname)%00%(upstream:short)%00%(objectname)%00%(upstream:track)%00%(upstream:remotename)%00%(upstream:remoteref) refs/heads/master refs/remotes/master [19ms]
[2022-10-18T08:30:54.842Z] > git remote --verbose [8ms]
[2022-10-18T08:30:54.843Z] > git for-each-ref --sort -committerdate --format %(refname) %(objectname) %(*objectname) [14ms]
[2022-10-18T08:30:54.919Z] > git config --get commit.template [78ms]
[2022-10-18T08:30:54.920Z] > git config --get commit.template [3ms]
[2022-10-18T08:30:56.846Z] > git check-ignore -v -z --stdin [0ms]
[2022-10-18T08:30:59.933Z] > git status -z -uall [9ms]
[2022-10-18T08:30:59.938Z] > git status -z -uall [10ms]
[2022-10-18T08:30:59.942Z] > git symbolic-ref --short HEAD [6ms]
[2022-10-18T08:30:59.946Z] > git symbolic-ref --short HEAD [4ms]
[2022-10-18T08:30:59.950Z] > git for-each-ref --format=%(refname)%00%(upstream:short)%00%(objectname)%00%(upstream:track)%00%(upstream:remotename)%00%(upstream:remoteref) refs/heads/main refs/remotes/main [5ms]
[2022-10-18T08:30:59.957Z] > git for-each-ref --sort -committerdate --format %(refname) %(objectname) %(*objectname) [4ms]
[2022-10-18T08:30:59.957Z] > git for-each-ref --format=%(refname)%00%(upstream:short)%00%(objectname)%00%(upstream:track)%00%(upstream:remotename)%00%(upstream:remoteref) refs/heads/master refs/remotes/master [8ms]
[2022-10-18T08:30:59.966Z] > git for-each-ref --sort -committerdate --format %(refname) %(objectname) %(*objectname) [5ms]
[2022-10-18T08:30:59.966Z] > git remote --verbose [10ms]
[2022-10-18T08:30:59.971Z] > git remote --verbose [6ms]
[2022-10-18T08:31:00.005Z] > git config --get commit.template [34ms]
[2022-10-18T08:31:00.006Z] > git config --get commit.template [3ms]
[2022-10-18T08:31:00.865Z] > git check-ignore -v -z --stdin [0ms]
[2022-10-18T08:31:04.007Z] > git show --textconv :libsponge/byte_stream.cc [7ms]
[2022-10-18T08:31:04.008Z] > git ls-files --stage -- /home/yueyuea/cs144/libsponge/byte_stream.cc [2ms]
[2022-10-18T08:31:04.015Z] > git cat-file -s 2e39e1f6bc5bec62dba9612eec0ce913b298367c [1ms]
[2022-10-18T08:31:05.024Z] > git status -z -uall [11ms]
[2022-10-18T08:31:05.030Z] > git symbolic-ref --short HEAD [1ms]
[2022-10-18T08:31:05.035Z] > git for-each-ref --format=%(refname)%00%(upstream:short)%00%(objectname)%00%(upstream:track)%00%(upstream:remotename)%00%(upstream:remoteref) refs/heads/master refs/remotes/master [1ms]
[2022-10-18T08:31:05.043Z] > git for-each-ref --sort -committerdate --format %(refname) %(objectname) %(*objectname) [4ms]
[2022-10-18T08:31:05.043Z] > git remote --verbose [1ms]
[2022-10-18T08:31:05.078Z] > git config --get commit.template [1ms]
[2022-10-18T08:31:06.595Z] > git show --textconv :libsponge/tcp_receiver.hh [7ms]
[2022-10-18T08:31:06.596Z] > git ls-files --stage -- /home/yueyuea/cs144/libsponge/tcp_receiver.hh [2ms]
[2022-10-18T08:31:06.604Z] > git cat-file -s 0856a3fa413da1d17c9c1b844a735420acc07104 [2ms]
[2022-10-18T08:31:07.313Z] > git show --textconv :libsponge/tcp_receiver.cc [6ms]
[2022-10-18T08:31:07.314Z] > git ls-files --stage -- /home/yueyuea/cs144/libsponge/tcp_receiver.cc [2ms]
[2022-10-18T08:31:07.320Z] > git cat-file -s d9d5bb6db7a2ad6deac92e98c9fda831376b41e8 [2ms]
[2022-10-18T08:31:10.090Z] > git status -z -uall [8ms]
[2022-10-18T08:31:10.095Z] > git symbolic-ref --short HEAD [1ms]
[2022-10-18T08:31:10.099Z] > git for-each-ref --format=%(refname)%00%(upstream:short)%00%(objectname)%00%(upstream:track)%00%(upstream:remotename)%00%(upstream:remoteref) refs/heads/master refs/remotes/master [0ms]
[2022-10-18T08:31:10.107Z] > git remote --verbose [1ms]
[2022-10-18T08:31:10.107Z] > git for-each-ref --sort -committerdate --format %(refname) %(objectname) %(*objectname) [4ms]
[2022-10-18T08:31:10.134Z] > git config --get commit.template [1ms]
[2022-10-18T08:31:15.147Z] > git status -z -uall [8ms]
[2022-10-18T08:31:15.151Z] > git symbolic-ref --short HEAD [1ms]
[2022-10-18T08:31:15.155Z] > git for-each-ref --format=%(refname)%00%(upstream:short)%00%(objectname)%00%(upstream:track)%00%(upstream:remotename)%00%(upstream:remoteref) refs/heads/master refs/remotes/master [1ms]
[2022-10-18T08:31:15.164Z] > git remote --verbose [1ms]
[2022-10-18T08:31:15.164Z] > git for-each-ref --sort -committerdate --format %(refname) %(objectname) %(*objectname) [5ms]
[2022-10-18T08:31:15.190Z] > git config --get commit.template [1ms]
[2022-10-18T08:31:20.202Z] > git status -z -uall [7ms]
[2022-10-18T08:31:20.206Z] > git symbolic-ref --short HEAD [0ms]
[2022-10-18T08:31:20.210Z] > git for-each-ref --format=%(refname)%00%(upstream:short)%00%(objectname)%00%(upstream:track)%00%(upstream:remotename)%00%(upstream:remoteref) refs/heads/master refs/remotes/master [0ms]
[2022-10-18T08:31:20.218Z] > git for-each-ref --sort -committerdate --format %(refname) %(objectname) %(*objectname) [4ms]
[2022-10-18T08:31:20.218Z] > git remote --verbose [1ms]
[2022-10-18T08:31:20.242Z] > git config --get commit.template [1ms]
[2022-10-18T08:31:25.257Z] > git status -z -uall [9ms]
[2022-10-18T08:31:25.261Z] > git symbolic-ref --short HEAD [0ms]
[2022-10-18T08:31:25.266Z] > git for-each-ref --format=%(refname)%00%(upstream:short)%00%(objectname)%00%(upstream:track)%00%(upstream:remotename)%00%(upstream:remoteref) refs/heads/master refs/remotes/master [1ms]
[2022-10-18T08:31:25.273Z] > git for-each-ref --sort -committerdate --format %(refname) %(objectname) %(*objectname) [3ms]
[2022-10-18T08:31:25.273Z] > git remote --verbose [0ms]
[2022-10-18T08:31:25.300Z] > git config --get commit.template [1ms]
[2022-10-18T08:31:25.667Z] > git status -z -uall [9ms]
[2022-10-18T08:31:25.671Z] > git symbolic-ref --short HEAD [1ms]
[2022-10-18T08:31:25.677Z] > git for-each-ref --format=%(refname)%00%(upstream:short)%00%(objectname)%00%(upstream:track)%00%(upstream:remotename)%00%(upstream:remoteref) refs/heads/main refs/remotes/main [1ms]
[2022-10-18T08:31:25.686Z] > git for-each-ref --sort -committerdate --format %(refname) %(objectname) %(*objectname) [4ms]
[2022-10-18T08:31:25.687Z] > git remote --verbose [1ms]
[2022-10-18T08:31:25.700Z] > git config --get commit.template [0ms]
