[variant] Loaded new set of variants
[kit] Detected kits definition version change from undefined to 2. Silently scanning for kits.
[proc] Executing command: /usr/bin/c89-gcc -v
[proc] Executing command: /usr/bin/c99-gcc -v
[proc] Executing command: /usr/bin/gcc -v
[proc] Executing command: /usr/bin/gcc-11 -v
[proc] Executing command: /usr/bin/x86_64-linux-gnu-gcc -v
[proc] Executing command: /usr/bin/x86_64-linux-gnu-gcc-11 -v
[proc] Executing command: /bin/c89-gcc -v
[proc] Executing command: /bin/c99-gcc -v
[proc] Executing command: /bin/gcc -v
[proc] Executing command: /bin/gcc-11 -v
[proc] Executing command: /bin/x86_64-linux-gnu-gcc -v
[proc] Executing command: /bin/x86_64-linux-gnu-gcc-11 -v
[proc] Executing command: /mnt/d/CodeBlocks/MinGW/bin/gcc.exe -v
[proc] Executing command: /mnt/d/CodeBlocks/MinGW/bin/x86_64-w64-mingw32-gcc-8.1.0.exe -v
[proc] Executing command: /mnt/d/CodeBlocks/MinGW/bin/x86_64-w64-mingw32-gcc.exe -v
[proc] Executing command: /bin/x86_64-linux-gnu-gcc -v
[proc] Executing command: /bin/x86_64-linux-gnu-gcc -v
[proc] Executing command: /bin/gcc -v
[proc] Executing command: /bin/gcc -v
[proc] Executing command: /bin/c99-gcc -v
[proc] Executing command: /bin/c89-gcc -v
[proc] Executing command: /usr/bin/x86_64-linux-gnu-gcc -v
[proc] Executing command: /usr/bin/x86_64-linux-gnu-gcc -v
[proc] Executing command: /usr/bin/gcc -v
[proc] Executing command: /usr/bin/gcc -v
[proc] Executing command: /usr/bin/c99-gcc -v
[proc] Executing command: /usr/bin/c89-gcc -v
[proc] Executing command: /mnt/d/CodeBlocks/MinGW/bin/x86_64-w64-mingw32-gcc.exe -v
[kit] Found Kit: GCC 11.2.0 x86_64-linux-gnu
[kit] Found Kit: GCC 11.2.0 x86_64-linux-gnu
[kit] Found Kit: GCC 11.2.0 x86_64-linux-gnu
[kit] Found Kit: GCC 11.2.0 x86_64-linux-gnu
[kit] Found Kit: GCC 11.2.0 x86_64-linux-gnu
[kit] Found Kit: GCC 11.2.0 x86_64-linux-gnu
[kit] Found Kit: GCC 11.2.0 x86_64-linux-gnu
[kit] Found Kit: GCC 11.2.0 x86_64-linux-gnu
[kit] Found Kit: GCC 11.2.0 x86_64-linux-gnu
[kit] Found Kit: GCC 11.2.0 x86_64-linux-gnu
[kit] Found Kit: GCC 11.2.0 x86_64-linux-gnu
[kit] Found Kit: GCC 11.2.0 x86_64-linux-gnu
[kit] Found Kit: GCC 8.1.0 x86_64-w64-mingw32
[kit] Found Kit: GCC 8.1.0 x86_64-w64-mingw32
[kit] Found Kit: GCC 8.1.0 x86_64-w64-mingw32
